<?xml version='1.0'?> 
<!DOCTYPE coverage SYSTEM "http://cobertura.sourceforge.net/xml/coverage-04.dtd">
<!-- Generated by simplecov-cobertura version 1.4.2 (https://github.com/dashingrocket/simplecov-cobertura) -->
<coverage line-rate="1.0" branch-rate="0" lines-covered="8" lines-valid="8" branches-covered="0" branches-valid="0" complexity="0" version="0" timestamp="1615482426">
  <sources>
    <source>/Users/inmetrics/Rodrigo/Projetos/unit_test_fizz_buzz</source>
  </sources>
  <packages>
    <package name="unit_test_fizz_buzz" line-rate="1.0" branch-rate="0" complexity="0">
      <classes>
        <class name="example_2" filename="example_2.rb" line-rate="1.0" branch-rate="0" complexity="0">
          <methods/>
          <lines>
            <line number="1" branch="false" hits="1"/>
            <line number="3" branch="false" hits="1"/>
            <line number="4" branch="false" hits="1"/>
            <line number="5" branch="false" hits="2"/>
            <line number="6" branch="false" hits="2"/>
            <line number="10" branch="false" hits="1"/>
            <line number="11" branch="false" hits="1"/>
            <line number="12" branch="false" hits="2"/>
          </lines>
        </class>
      </classes>
    </package>
  </packages>
</coverage>